12:45 Старт
Планы на сегодня: 
1. + Закрыть задачу с обработкой сообщений от мыши (сюда нужно вставлять ссылку на страницу задачи на трекере)
2. + Тренеруюсь не отвлекаться
3. + Начать задачу BondingBox
4. +/- Глянуть OpenSceneGraph

13:40 Пауза
+ Закрыл задачу с обработкой сообщений от мыши. Нужен способ трекать задачи. ТЕХДОЛГ+

18:30 Продолжаю
Начинаю BondingBox

18:55
+ Пообщался с ии про проектирование и про физику, выбрал bullet3.
- Подумал про журналирование технического долга.

19:30
+ Подключил bullet3 простейшим способом - склонировал весь репозиторий. Управляемое клонирование - ТЕХДОЛГ+

20:00
+ Добавил каркасный код для Phycisc.

20:23
- Перестал собираться проект. После добавления в CMakeLists.txt данных о bullet3, SDL3.dll стала собралаться в другую папку. Было ${CMAKE_SOURCE_DIR}/build/External/SDL стало ${CMAKE_SOURCE_DIR}/build/lib. Исправлено. Причина как-то связана с интеграцией bullet3.

21:00 Финиш
+ Добавил основные объекты для поддержки обработки коллизий. Всё собирается.

План на завтра: доделать внедрение поддержки bullet3

3 часа 25 минут
