12:00 Старт
Планы на сегодня:
1. Не отвлекаться
2. Потратить не меньше суммарных 4 часов на работу
3. Доделать задачу с boundibg volume
4. Заглянуть дальше

12:20
- Отвлёкся на техдолг - подправил структуру каталогов и README. Блин! Это приведёт к грязному коммиту. (PS коммит получилось сделать чистым)

12:30
+ Понял, что задача готова, хотя мне казалось, что ещё много bullet-кода, но осознал, что это уже следующая подзадача.
-/+ Вайбил с Клодом по задаче. Поставил звёздочку чату. Пока не понятно как накапливать результаты промптинга.

13:25
-/+ Разделил правки на два чистых коммита. Один по задаче, другой по рефакторингу.
- Внёс правки с рефакторингом

13:35 Пауза

14:10 Продолжаю. По плану raycasting.

15:00
- Подглядывл в cppreference про std::optional, немножко.

15:35
-/+ Откуда и куда делать raycast? Нужна абстракция Camera. Пока предствалю её матрицей.

16:15
+ Сдела камеру. Получается задачу доделал. Проверить пока не получится. Нужна система событий, т.е. следующая задача. В этом месте помоглибы unit-tests. ТЕХДОЛГ+
-/+ Немного повоевал со сложными шаблонными предупреждениями.

16.20 Пауза

18:15 Продолжаю

18:55
+ Продумываю задачу: Будет InputProcessingSubsystem, которая будет мониторить состояние мыши и клавиатуры и генерировать соответствующие сообщения. Также может потребоваться запоминание истории состояний мыши (и клавиатуры). Для всех сообщений нужен сток. Он будет главный по событиям, он будет заниматься доставкой событий до адресатов EvenProcessingSubsystem. Адресат события клика - RaycastSubsystem.

19:35
+ Пишу код. Пока без фильтрации сообщений. Её на потом. ТЕХДОЛГ+

19:55 Финиш
+ Набросал каркасы InputProcessingSubsystem и EvenProcessingSubsystem.

План на завтра:
- Нужно горизонтальное взаимодействие подсистем сцены.
- М.б. доделать и 5 и 6 задачи.
- Работать не меньше 4 часов.

5 часов 25 минут
