13:30 Старт
Планы на сегодня:
1. Не отвлекаться
2. Доделать задачу с сисемой событий
3. Перейти к следующим задачам. Если всё успею, сегодня дальше не продолжать
4. Работать не меньше 5 часов

13:45
+ Думаю кому поручить управлять временем жизни мышки так, чтобы все подсистемы могли иметь к ней доступ. Сейчас Mouse в MainWindow.

14:05
+ Протянул мышь в InputProcessingSubsystem так: MainWindow -> Scene <- InputProcessingSubsystem. Когда backends сделаю, такую связку нужно будет пересмотреть. ТЕХДОЛГ+
-/+ Вчера подумал что все подсистемы сцены - EventListener. Сейчас мне такое не нравится. ТЕХДОЛГ+

14:15
+ Решил не усложнать пока с типами событий. Сделаю на enum class.

14:25
- Не знаю std::variant. Пришлось спрашивать у ии совета - решил пока сделать события полиморфными.

14:35
+ Пока мне нужно только два сообщения, м.б. два. Временное решение - поместить определение всех событий в Scene/Events/All.h. ТЕХДОЛГ+

14:50 Пауза

18:00 Продолжаю

18:45 Пауза
+ Создал событие в InputProcessingSubsystem, теперь его нужно передать в EventProcessingSubsystem, и нужно продумывать маршрут. Либо сделать способ для горизонтальной связи всех подсистем, либо сделать EventProcessingSubsystem каким то образом выделеным, к примеру чтобы в любом месте можно было простым вызовом FIRE_EVENT(event). Скорее первое, потому что второе это тогда будет частный случай.

19:25 Продолжаю

19:35
+ Перенёс подсистемы сцены в Scene чтобы устроить горизонтальные связи между ними. И - БИНГО! Состояния внешних backends можно передавать в сцене через аркумент tick.

19:50
+ Йуу-хуу! EventProcessingSubsystem получает сообщения. Теперь их можер рассылать по адресатам.

20:00 Финиш
- Не один пункт плана не закрыл!
План на завтра - продолжить по сегоднешнему плану.

2 часа 40 минут