11:05 Старт
Планы на сегодня:
1. Доделать задачу с интерактивностью.
2. Проработать идею самоаудита.
3. Не отвлекаться.
4. Работать не меньше 5 часов.

11:25
- Отвлёкся на переработку журнала технического долга, сделал запись в раздел Initialization. Чтобы RaycastSubsystem могла подписатьсы у EventProcessingSubsystem. Нужно гарантировать порядок инициализации.

11:35
-/+ Решил вынести Scene из аргумента Subsystem::tick(Scene* scene) в конструктор, и пусть все подсистемы хранять на него указатель. Подсистем немного, это не будет нагружать память. Может найдётся другой подход после введения Initialization.

12:15
-/+ Перенёс проброс Scene в подсистемы из tick в конструкторы подсистем. Причина отвлечения - неполнота предварительной модели Scene-Subsystmes-Components.

12:25
+ RaycastSubsystem подписана у EventProcessingSubsystem.

12:55
+ RaycastSubsystem получает сообщение. Теперь нужно сообщение о том, что в объект "влетел" ray caster. Теперь мне понадобиться подходящая collision сфера для треугольников на сцене. 

13:10
+ Создал событие RayHitObject. Collision сферами пока не занимался.

13:30
-/+ Отладка не запускается. Пошёл спрашивать совета у Perplexity - ОТВЛЁКСЯ, обнаружив функционал Spaces, прикреплённые к Spaces директивы и файлы. ПЕРЕСОБИРАЮ.

13:45
+ Пересборка помогла.

14:05
-/+ Немного изменил способ инициализации подсистем сцены, не через initializer_list а через push_back. СИСТЕМА ИНИЦИАЛИЗАЦИИ ПРОСИГНАЛИЛА.

14:15
-/+ Была ошибка в SDL_ButtonsRemap - перепутал кнопки местами. Сдела запись в техдолг.

14:25 Пауза
-/+ Похоже пока RaycastSubsystem не упирается ни в какую сферу.

15:15 Продолжаю

16:15
-/+ Делаю отрисовку отладочной информации GraphicsSubsystemImpl::drawDebugInfo, чтобы сферу увидеть. Повозился с библиотекой glu. Она умеет рисовать сферы. CMAKE опять пришлось пересобирать из-за того что оно не смогло подцепить glu.

16:25 Пауза
+ Нарисовал collision сферы.

17:20 Продолжаю

17:45
-/+ Необходимая деталь - матрицу камеры тоже нужно включать в отрисовку ибо glMatrixMode(GL_MODELVIEW)

18:10
-/+ Разбираюсь с матрицей камеры. Сделал запись в техдолг об отрисовке collision sphere, gluNewQuadric.

18:30 Финиш
-/+ Проекционную марицу тоже добавил, ИИ подсказал. RaycastSubsystem не отрабатывает пересечение со сферами.

Интерактивность недоделана, основная причина - сопутсвующие правки.
Справился с усидчивостью и с концентрацией

Весь план на завтра переносится.

5 часов 10 минут
