11:40 Старт
Планы на сегодня:
1. Доделать задачу с интерактивностью.
2. После: проработать идею самоаудита.
3. Не отвлекаться.
4. Работать не меньше 5 часов.

11:55
+ RaycastSubsystem пускал лучь без учёта местоположения мыши.

12:25
-/+ Оказалось, что совсем не подумал про матрицы камеры view и projection. Переделываю Camera. Немного поменяю траекторию указателя SDL_Window* sdl_window. Только похоже это не тривиально.

12:35 Scene потихоньку становится супер классом. Нужно будет рефакторить после введения backends. ТЕХДОЛГ+

12:55 Пауза
-/+ Немного переделал Scene std::any от SDL_Window* sdl_window тепреь черз конструктор. Инициализация projection матрицы зависит от SDL_Window, значит где-то нужно отделять абстракцию от реализации. Сделаю Camera черз pimpl.

13:05 Продолжаю

13:20 Пауза
+ Camera с матрицами view и projection почти готова.

13:50 Продолжаю

14:10
-/+ Для камеры нужен Frustum. Структура простая, но сейчас сделал default величины в определении класса, и камера по-тихому забирает default Frustum. Возможно не лучшее решение. ТЕХДОЛГ+

14:30
-/+ Передумал, решил не делать default Frustum. Лучше создам правильную камеру при создании сцены в main.cpp:buildSmallDemoScene(). ТЕХДОЛГ-

14:40 Пауза

18:35 Продолжаю

18:45
-/+ Коструирование и присваивание объектов Scene сейчас неправильное. ТЕХДОЛГ+

19:50 Финиш
-/+ Сделал правильное конструирование и присваивание для Scene и Camera. Запись в техдолг всё равно оставлю потому, что ещё есть классы с std::unique_ptr.

Интерактивность недоделана. Причина - мало рабочего времени и сопутсвующие правки.

В понедельник останется реализовать RaycastSubsystem::getRay(), после этого создать сообщение для KinematicsSubsystem, после ПРОДУМАТЬ и реализвать перемещения, со сменой цветов будет просто

3 часа 15 минут
