12:30 Старт
План на сеодня:
1. В рамках задачи "интерактивность": Реализовать RaycastSubsystem::getRay(), создать событие для KinematicsSubsystem, ПРОДУМАТЬ и реализвать перемещения, продумать, кому поручить смену цветов
2. После: проработать идею самоаудита.
3. Не отвлекаться.
4. Работать не меньше 4 часов.

12:40
-/+ Зря я внёс такую деталь как SDL_Window* sdl_window в Camera только для того чтобы получить разммеры окна - они должны быть в MainWindows. И Camera придётся переделать - убрать pimpl.

12:55
-/+ Необходимости продумать как в коде внедрять default состояния без magic numbers. Размер главного окна при создании - яркий пример. ТЕХДОЛГ+

13:45 Пауза
-/+ Закончил с размерами главного окна и с заголовком. Пока пусть параметры инициализации главного окна будут заданы в конструкторе Engine.

14:40 Продолжаю
+ Пишу RaycastSubsystem::getRay(). Одно но: размеры окна нужны, точнее mousePosition.horisontal / windowWidth и mousePosition.vertical / windowHeight. Эти величины могут понадобиться, сделаю сейчас.

15:10 Пауза
+ Ввёл relative mouse position.

15:45 Продолжаю

16:10
+ Работаю с RaycastSubsystem::getRay(), решил NDC (Normalized Device Coordinates) тоже вынести в Mouse.

16:45
-/+ Удалил Camera.cpp из проекта, cmake и сборки - gdb снова не захотел запускать отладку. Что-то не так со сборкой. Пришлось выполнять пересборку. ТЕХДОЛГ+

17:15 Пауза
-/+ В Camera нет мировой матрицы, и с матрицей обзора это не одно и тоже. Сказалось незнанеи OpenGL. ТЕХДОЛГ+

17:35 Продолжаю

17:40
+ Йуу-хуу! Есть пересечения! У Camera мировая матрица оказалась просто инвертированой матрицей обзора.

17:55
- Добавил в сборку KinematicsSubsystem.cpp и снова придётся пересобирать. Выполнил CMake: Clean.

18:05
- CMake: Clean не помог. Удалили папку сборки. Снова сборка. CMake configuration тоже очень долго длиться. ТЕХДОЛГ+

18:15 Пауза

18:55 Продолжаю
-/+ Решил, что завершу задачу на том, что KinematicsSubsystem будет просто получать событие RayHitObject. Сделать перемену цвета фигуры и/или придать ей движение - задачи требующие продумывания. Поручить KinematicsSubsystem непосредсвенно перемещать конкретный обьект кажется грубым. Думаю нужно поразмышлять над введением абстракции поведения.

19:25
+ KinematicsSubsystem получает RayHitObject. На этом задача "Интерактивность" завершена.

19:50 Финиш

Закончил "Интерактивность". Обработку реакции на клик отложил до момента введения системы поведения.

Самоаудит переносится на зватра.
С усидчивостью и выносливостью справился.

5 часов 50 минут